2026-02-22 03:27:54,884 - INFO - sqlalchemy.engine.Engine - select pg_catalog.version()
2026-02-22 03:27:54,884 - INFO - sqlalchemy.engine.Engine - [raw sql] {}
2026-02-22 03:27:54,886 - INFO - sqlalchemy.engine.Engine - select current_schema()
2026-02-22 03:27:54,886 - INFO - sqlalchemy.engine.Engine - [raw sql] {}
2026-02-22 03:27:54,888 - INFO - sqlalchemy.engine.Engine - show standard_conforming_strings
2026-02-22 03:27:54,888 - INFO - sqlalchemy.engine.Engine - [raw sql] {}
2026-02-22 03:27:54,889 - INFO - sqlalchemy.engine.Engine - BEGIN (implicit)
2026-02-22 03:27:54,891 - INFO - sqlalchemy.engine.Engine - SELECT pg_catalog.pg_class.relname 
FROM pg_catalog.pg_class JOIN pg_catalog.pg_namespace ON pg_catalog.pg_namespace.oid = pg_catalog.pg_class.relnamespace 
WHERE pg_catalog.pg_class.relname = %(table_name)s AND pg_catalog.pg_class.relkind = ANY (ARRAY[%(param_1)s, %(param_2)s, %(param_3)s, %(param_4)s, %(param_5)s]) AND pg_catalog.pg_table_is_visible(pg_catalog.pg_class.oid) AND pg_catalog.pg_namespace.nspname != %(nspname_1)s
2026-02-22 03:27:54,893 - INFO - sqlalchemy.engine.Engine - [generated in 0.00128s] {'table_name': 'users', 'param_1': 'r', 'param_2': 'p', 'param_3': 'f', 'param_4': 'v', 'param_5': 'm', 'nspname_1': 'pg_catalog'}
2026-02-22 03:27:54,896 - INFO - sqlalchemy.engine.Engine - SELECT pg_catalog.pg_class.relname 
FROM pg_catalog.pg_class JOIN pg_catalog.pg_namespace ON pg_catalog.pg_namespace.oid = pg_catalog.pg_class.relnamespace 
WHERE pg_catalog.pg_class.relname = %(table_name)s AND pg_catalog.pg_class.relkind = ANY (ARRAY[%(param_1)s, %(param_2)s, %(param_3)s, %(param_4)s, %(param_5)s]) AND pg_catalog.pg_table_is_visible(pg_catalog.pg_class.oid) AND pg_catalog.pg_namespace.nspname != %(nspname_1)s
2026-02-22 03:27:54,896 - INFO - sqlalchemy.engine.Engine - [cached since 0.004437s ago] {'table_name': 'products', 'param_1': 'r', 'param_2': 'p', 'param_3': 'f', 'param_4': 'v', 'param_5': 'm', 'nspname_1': 'pg_catalog'}
2026-02-22 03:27:54,897 - INFO - sqlalchemy.engine.Engine - SELECT pg_catalog.pg_class.relname 
FROM pg_catalog.pg_class JOIN pg_catalog.pg_namespace ON pg_catalog.pg_namespace.oid = pg_catalog.pg_class.relnamespace 
WHERE pg_catalog.pg_class.relname = %(table_name)s AND pg_catalog.pg_class.relkind = ANY (ARRAY[%(param_1)s, %(param_2)s, %(param_3)s, %(param_4)s, %(param_5)s]) AND pg_catalog.pg_table_is_visible(pg_catalog.pg_class.oid) AND pg_catalog.pg_namespace.nspname != %(nspname_1)s
2026-02-22 03:27:54,897 - INFO - sqlalchemy.engine.Engine - [cached since 0.00596s ago] {'table_name': 'orders', 'param_1': 'r', 'param_2': 'p', 'param_3': 'f', 'param_4': 'v', 'param_5': 'm', 'nspname_1': 'pg_catalog'}
2026-02-22 03:27:54,899 - INFO - sqlalchemy.engine.Engine - SELECT pg_catalog.pg_type.typname 
FROM pg_catalog.pg_type JOIN pg_catalog.pg_namespace ON pg_catalog.pg_namespace.oid = pg_catalog.pg_type.typnamespace 
WHERE pg_catalog.pg_type.typname = %(typname_1)s AND pg_catalog.pg_type_is_visible(pg_catalog.pg_type.oid) AND pg_catalog.pg_namespace.nspname != %(nspname_1)s
2026-02-22 03:27:54,899 - INFO - sqlalchemy.engine.Engine - [generated in 0.00032s] {'typname_1': 'userrole', 'nspname_1': 'pg_catalog'}
2026-02-22 03:27:54,900 - INFO - sqlalchemy.engine.Engine - CREATE TYPE userrole AS ENUM ('admin', 'user')
2026-02-22 03:27:54,901 - INFO - sqlalchemy.engine.Engine - [no key 0.00025s] {}
2026-02-22 03:27:54,904 - INFO - sqlalchemy.engine.Engine - SELECT pg_catalog.pg_type.typname 
FROM pg_catalog.pg_type JOIN pg_catalog.pg_namespace ON pg_catalog.pg_namespace.oid = pg_catalog.pg_type.typnamespace 
WHERE pg_catalog.pg_type.typname = %(typname_1)s AND pg_catalog.pg_type_is_visible(pg_catalog.pg_type.oid) AND pg_catalog.pg_namespace.nspname != %(nspname_1)s
2026-02-22 03:27:54,905 - INFO - sqlalchemy.engine.Engine - [cached since 0.005854s ago] {'typname_1': 'orderstatus', 'nspname_1': 'pg_catalog'}
2026-02-22 03:27:54,906 - INFO - sqlalchemy.engine.Engine - CREATE TYPE orderstatus AS ENUM ('pending', 'shipped', 'delivered', 'cancelled')
2026-02-22 03:27:54,907 - INFO - sqlalchemy.engine.Engine - [no key 0.00062s] {}
2026-02-22 03:27:54,908 - INFO - sqlalchemy.engine.Engine - 
CREATE TABLE users (
	id SERIAL NOT NULL, 
	name VARCHAR(100) NOT NULL, 
	email VARCHAR(255) NOT NULL, 
	hashed_password VARCHAR NOT NULL, 
	role userrole NOT NULL, 
	PRIMARY KEY (id)
)


2026-02-22 03:27:54,909 - INFO - sqlalchemy.engine.Engine - [no key 0.00036s] {}
2026-02-22 03:27:54,920 - INFO - sqlalchemy.engine.Engine - CREATE UNIQUE INDEX ix_users_email ON users (email)
2026-02-22 03:27:54,920 - INFO - sqlalchemy.engine.Engine - [no key 0.00031s] {}
2026-02-22 03:27:54,923 - INFO - sqlalchemy.engine.Engine - CREATE INDEX ix_users_id ON users (id)
2026-02-22 03:27:54,923 - INFO - sqlalchemy.engine.Engine - [no key 0.00028s] {}
2026-02-22 03:27:54,925 - INFO - sqlalchemy.engine.Engine - 
CREATE TABLE products (
	id SERIAL NOT NULL, 
	name VARCHAR NOT NULL, 
	description VARCHAR, 
	price NUMERIC(10, 2) NOT NULL, 
	stock INTEGER NOT NULL, 
	is_deleted BOOLEAN NOT NULL, 
	PRIMARY KEY (id)
)


2026-02-22 03:27:54,926 - INFO - sqlalchemy.engine.Engine - [no key 0.00029s] {}
2026-02-22 03:27:54,932 - INFO - sqlalchemy.engine.Engine - CREATE INDEX ix_products_id ON products (id)
2026-02-22 03:27:54,932 - INFO - sqlalchemy.engine.Engine - [no key 0.00024s] {}
2026-02-22 03:27:54,934 - INFO - sqlalchemy.engine.Engine - CREATE INDEX ix_products_is_deleted ON products (is_deleted)
2026-02-22 03:27:54,935 - INFO - sqlalchemy.engine.Engine - [no key 0.00019s] {}
2026-02-22 03:27:54,937 - INFO - sqlalchemy.engine.Engine - 
CREATE TABLE orders (
	id SERIAL NOT NULL, 
	user_id INTEGER NOT NULL, 
	product_id INTEGER NOT NULL, 
	quantity INTEGER NOT NULL, 
	status orderstatus NOT NULL, 
	PRIMARY KEY (id), 
	FOREIGN KEY(user_id) REFERENCES users (id) ON DELETE CASCADE, 
	FOREIGN KEY(product_id) REFERENCES products (id) ON DELETE CASCADE
)


2026-02-22 03:27:54,937 - INFO - sqlalchemy.engine.Engine - [no key 0.00030s] {}
2026-02-22 03:27:54,941 - INFO - sqlalchemy.engine.Engine - CREATE INDEX ix_orders_id ON orders (id)
2026-02-22 03:27:54,941 - INFO - sqlalchemy.engine.Engine - [no key 0.00018s] {}
2026-02-22 03:27:54,944 - INFO - sqlalchemy.engine.Engine - CREATE INDEX ix_orders_user_id ON orders (user_id)
2026-02-22 03:27:54,944 - INFO - sqlalchemy.engine.Engine - [no key 0.00026s] {}
2026-02-22 03:27:54,948 - INFO - sqlalchemy.engine.Engine - CREATE INDEX ix_orders_product_id ON orders (product_id)
2026-02-22 03:27:54,948 - INFO - sqlalchemy.engine.Engine - [no key 0.00031s] {}
2026-02-22 03:27:54,950 - INFO - sqlalchemy.engine.Engine - COMMIT
2026-02-22 04:28:30,757 - INFO - sqlalchemy.engine.Engine - select pg_catalog.version()
2026-02-22 04:28:30,757 - INFO - sqlalchemy.engine.Engine - [raw sql] {}
2026-02-22 04:28:30,761 - INFO - sqlalchemy.engine.Engine - select current_schema()
2026-02-22 04:28:30,761 - INFO - sqlalchemy.engine.Engine - [raw sql] {}
2026-02-22 04:28:30,762 - INFO - sqlalchemy.engine.Engine - show standard_conforming_strings
2026-02-22 04:28:30,763 - INFO - sqlalchemy.engine.Engine - [raw sql] {}
2026-02-22 04:28:30,764 - INFO - sqlalchemy.engine.Engine - BEGIN (implicit)
2026-02-22 04:28:30,766 - INFO - sqlalchemy.engine.Engine - SELECT pg_catalog.pg_class.relname 
FROM pg_catalog.pg_class JOIN pg_catalog.pg_namespace ON pg_catalog.pg_namespace.oid = pg_catalog.pg_class.relnamespace 
WHERE pg_catalog.pg_class.relname = %(table_name)s AND pg_catalog.pg_class.relkind = ANY (ARRAY[%(param_1)s, %(param_2)s, %(param_3)s, %(param_4)s, %(param_5)s]) AND pg_catalog.pg_table_is_visible(pg_catalog.pg_class.oid) AND pg_catalog.pg_namespace.nspname != %(nspname_1)s
2026-02-22 04:28:30,767 - INFO - sqlalchemy.engine.Engine - [generated in 0.00036s] {'table_name': 'users', 'param_1': 'r', 'param_2': 'p', 'param_3': 'f', 'param_4': 'v', 'param_5': 'm', 'nspname_1': 'pg_catalog'}
2026-02-22 04:28:30,770 - INFO - sqlalchemy.engine.Engine - SELECT pg_catalog.pg_class.relname 
FROM pg_catalog.pg_class JOIN pg_catalog.pg_namespace ON pg_catalog.pg_namespace.oid = pg_catalog.pg_class.relnamespace 
WHERE pg_catalog.pg_class.relname = %(table_name)s AND pg_catalog.pg_class.relkind = ANY (ARRAY[%(param_1)s, %(param_2)s, %(param_3)s, %(param_4)s, %(param_5)s]) AND pg_catalog.pg_table_is_visible(pg_catalog.pg_class.oid) AND pg_catalog.pg_namespace.nspname != %(nspname_1)s
2026-02-22 04:28:30,770 - INFO - sqlalchemy.engine.Engine - [cached since 0.003969s ago] {'table_name': 'products', 'param_1': 'r', 'param_2': 'p', 'param_3': 'f', 'param_4': 'v', 'param_5': 'm', 'nspname_1': 'pg_catalog'}
2026-02-22 04:28:30,771 - INFO - sqlalchemy.engine.Engine - SELECT pg_catalog.pg_class.relname 
FROM pg_catalog.pg_class JOIN pg_catalog.pg_namespace ON pg_catalog.pg_namespace.oid = pg_catalog.pg_class.relnamespace 
WHERE pg_catalog.pg_class.relname = %(table_name)s AND pg_catalog.pg_class.relkind = ANY (ARRAY[%(param_1)s, %(param_2)s, %(param_3)s, %(param_4)s, %(param_5)s]) AND pg_catalog.pg_table_is_visible(pg_catalog.pg_class.oid) AND pg_catalog.pg_namespace.nspname != %(nspname_1)s
2026-02-22 04:28:30,771 - INFO - sqlalchemy.engine.Engine - [cached since 0.00519s ago] {'table_name': 'orders', 'param_1': 'r', 'param_2': 'p', 'param_3': 'f', 'param_4': 'v', 'param_5': 'm', 'nspname_1': 'pg_catalog'}
2026-02-22 04:28:30,774 - INFO - sqlalchemy.engine.Engine - SELECT pg_catalog.pg_type.typname 
FROM pg_catalog.pg_type JOIN pg_catalog.pg_namespace ON pg_catalog.pg_namespace.oid = pg_catalog.pg_type.typnamespace 
WHERE pg_catalog.pg_type.typname = %(typname_1)s AND pg_catalog.pg_type_is_visible(pg_catalog.pg_type.oid) AND pg_catalog.pg_namespace.nspname != %(nspname_1)s
2026-02-22 04:28:30,774 - INFO - sqlalchemy.engine.Engine - [generated in 0.00037s] {'typname_1': 'userrole', 'nspname_1': 'pg_catalog'}
2026-02-22 04:28:30,776 - INFO - sqlalchemy.engine.Engine - CREATE TYPE userrole AS ENUM ('admin', 'user')
2026-02-22 04:28:30,776 - INFO - sqlalchemy.engine.Engine - [no key 0.00044s] {}
2026-02-22 04:28:30,780 - INFO - sqlalchemy.engine.Engine - SELECT pg_catalog.pg_type.typname 
FROM pg_catalog.pg_type JOIN pg_catalog.pg_namespace ON pg_catalog.pg_namespace.oid = pg_catalog.pg_type.typnamespace 
WHERE pg_catalog.pg_type.typname = %(typname_1)s AND pg_catalog.pg_type_is_visible(pg_catalog.pg_type.oid) AND pg_catalog.pg_namespace.nspname != %(nspname_1)s
2026-02-22 04:28:30,781 - INFO - sqlalchemy.engine.Engine - [cached since 0.007014s ago] {'typname_1': 'orderstatus', 'nspname_1': 'pg_catalog'}
2026-02-22 04:28:30,782 - INFO - sqlalchemy.engine.Engine - CREATE TYPE orderstatus AS ENUM ('pending', 'shipped', 'delivered', 'cancelled')
2026-02-22 04:28:30,782 - INFO - sqlalchemy.engine.Engine - [no key 0.00021s] {}
2026-02-22 04:28:30,783 - INFO - sqlalchemy.engine.Engine - 
CREATE TABLE users (
	id SERIAL NOT NULL, 
	name VARCHAR(100) NOT NULL, 
	email VARCHAR(255) NOT NULL, 
	hashed_password VARCHAR NOT NULL, 
	role userrole NOT NULL, 
	PRIMARY KEY (id)
)


2026-02-22 04:28:30,784 - INFO - sqlalchemy.engine.Engine - [no key 0.00025s] {}
2026-02-22 04:28:30,796 - INFO - sqlalchemy.engine.Engine - CREATE UNIQUE INDEX ix_users_email ON users (email)
2026-02-22 04:28:30,796 - INFO - sqlalchemy.engine.Engine - [no key 0.00033s] {}
2026-02-22 04:28:30,799 - INFO - sqlalchemy.engine.Engine - CREATE INDEX ix_users_id ON users (id)
2026-02-22 04:28:30,799 - INFO - sqlalchemy.engine.Engine - [no key 0.00023s] {}
2026-02-22 04:28:30,801 - INFO - sqlalchemy.engine.Engine - 
CREATE TABLE products (
	id SERIAL NOT NULL, 
	name VARCHAR NOT NULL, 
	description VARCHAR, 
	price NUMERIC(10, 2) NOT NULL, 
	stock INTEGER NOT NULL, 
	is_deleted BOOLEAN NOT NULL, 
	PRIMARY KEY (id)
)


2026-02-22 04:28:30,801 - INFO - sqlalchemy.engine.Engine - [no key 0.00036s] {}
2026-02-22 04:28:30,805 - INFO - sqlalchemy.engine.Engine - CREATE INDEX ix_products_is_deleted ON products (is_deleted)
2026-02-22 04:28:30,806 - INFO - sqlalchemy.engine.Engine - [no key 0.00024s] {}
2026-02-22 04:28:30,809 - INFO - sqlalchemy.engine.Engine - CREATE INDEX ix_products_id ON products (id)
2026-02-22 04:28:30,809 - INFO - sqlalchemy.engine.Engine - [no key 0.00033s] {}
2026-02-22 04:28:30,812 - INFO - sqlalchemy.engine.Engine - 
CREATE TABLE orders (
	id SERIAL NOT NULL, 
	user_id INTEGER NOT NULL, 
	product_id INTEGER NOT NULL, 
	quantity INTEGER NOT NULL, 
	status orderstatus NOT NULL, 
	PRIMARY KEY (id), 
	FOREIGN KEY(user_id) REFERENCES users (id) ON DELETE CASCADE, 
	FOREIGN KEY(product_id) REFERENCES products (id) ON DELETE CASCADE
)


2026-02-22 04:28:30,812 - INFO - sqlalchemy.engine.Engine - [no key 0.00037s] {}
2026-02-22 04:28:30,817 - INFO - sqlalchemy.engine.Engine - CREATE INDEX ix_orders_user_id ON orders (user_id)
2026-02-22 04:28:30,818 - INFO - sqlalchemy.engine.Engine - [no key 0.00026s] {}
2026-02-22 04:28:30,820 - INFO - sqlalchemy.engine.Engine - CREATE INDEX ix_orders_product_id ON orders (product_id)
2026-02-22 04:28:30,820 - INFO - sqlalchemy.engine.Engine - [no key 0.00021s] {}
2026-02-22 04:28:30,822 - INFO - sqlalchemy.engine.Engine - CREATE INDEX ix_orders_id ON orders (id)
2026-02-22 04:28:30,822 - INFO - sqlalchemy.engine.Engine - [no key 0.00017s] {}
2026-02-22 04:28:30,825 - INFO - sqlalchemy.engine.Engine - COMMIT
2026-02-22 04:33:25,445 - INFO - sqlalchemy.engine.Engine - select pg_catalog.version()
2026-02-22 04:33:25,445 - INFO - sqlalchemy.engine.Engine - [raw sql] {}
2026-02-22 04:33:25,446 - INFO - sqlalchemy.engine.Engine - select current_schema()
2026-02-22 04:33:25,447 - INFO - sqlalchemy.engine.Engine - [raw sql] {}
2026-02-22 04:33:25,447 - INFO - sqlalchemy.engine.Engine - show standard_conforming_strings
2026-02-22 04:33:25,448 - INFO - sqlalchemy.engine.Engine - [raw sql] {}
2026-02-22 04:33:25,449 - INFO - sqlalchemy.engine.Engine - BEGIN (implicit)
2026-02-22 04:33:25,451 - INFO - sqlalchemy.engine.Engine - SELECT pg_catalog.pg_class.relname 
FROM pg_catalog.pg_class JOIN pg_catalog.pg_namespace ON pg_catalog.pg_namespace.oid = pg_catalog.pg_class.relnamespace 
WHERE pg_catalog.pg_class.relname = %(table_name)s AND pg_catalog.pg_class.relkind = ANY (ARRAY[%(param_1)s, %(param_2)s, %(param_3)s, %(param_4)s, %(param_5)s]) AND pg_catalog.pg_table_is_visible(pg_catalog.pg_class.oid) AND pg_catalog.pg_namespace.nspname != %(nspname_1)s
2026-02-22 04:33:25,451 - INFO - sqlalchemy.engine.Engine - [generated in 0.00030s] {'table_name': 'users', 'param_1': 'r', 'param_2': 'p', 'param_3': 'f', 'param_4': 'v', 'param_5': 'm', 'nspname_1': 'pg_catalog'}
2026-02-22 04:33:25,453 - INFO - sqlalchemy.engine.Engine - SELECT pg_catalog.pg_class.relname 
FROM pg_catalog.pg_class JOIN pg_catalog.pg_namespace ON pg_catalog.pg_namespace.oid = pg_catalog.pg_class.relnamespace 
WHERE pg_catalog.pg_class.relname = %(table_name)s AND pg_catalog.pg_class.relkind = ANY (ARRAY[%(param_1)s, %(param_2)s, %(param_3)s, %(param_4)s, %(param_5)s]) AND pg_catalog.pg_table_is_visible(pg_catalog.pg_class.oid) AND pg_catalog.pg_namespace.nspname != %(nspname_1)s
2026-02-22 04:33:25,454 - INFO - sqlalchemy.engine.Engine - [cached since 0.002486s ago] {'table_name': 'products', 'param_1': 'r', 'param_2': 'p', 'param_3': 'f', 'param_4': 'v', 'param_5': 'm', 'nspname_1': 'pg_catalog'}
2026-02-22 04:33:25,454 - INFO - sqlalchemy.engine.Engine - SELECT pg_catalog.pg_class.relname 
FROM pg_catalog.pg_class JOIN pg_catalog.pg_namespace ON pg_catalog.pg_namespace.oid = pg_catalog.pg_class.relnamespace 
WHERE pg_catalog.pg_class.relname = %(table_name)s AND pg_catalog.pg_class.relkind = ANY (ARRAY[%(param_1)s, %(param_2)s, %(param_3)s, %(param_4)s, %(param_5)s]) AND pg_catalog.pg_table_is_visible(pg_catalog.pg_class.oid) AND pg_catalog.pg_namespace.nspname != %(nspname_1)s
2026-02-22 04:33:25,455 - INFO - sqlalchemy.engine.Engine - [cached since 0.003555s ago] {'table_name': 'orders', 'param_1': 'r', 'param_2': 'p', 'param_3': 'f', 'param_4': 'v', 'param_5': 'm', 'nspname_1': 'pg_catalog'}
2026-02-22 04:33:25,456 - INFO - sqlalchemy.engine.Engine - SELECT pg_catalog.pg_type.typname 
FROM pg_catalog.pg_type JOIN pg_catalog.pg_namespace ON pg_catalog.pg_namespace.oid = pg_catalog.pg_type.typnamespace 
WHERE pg_catalog.pg_type.typname = %(typname_1)s AND pg_catalog.pg_type_is_visible(pg_catalog.pg_type.oid) AND pg_catalog.pg_namespace.nspname != %(nspname_1)s
2026-02-22 04:33:25,457 - INFO - sqlalchemy.engine.Engine - [generated in 0.00038s] {'typname_1': 'userrole', 'nspname_1': 'pg_catalog'}
2026-02-22 04:33:25,458 - INFO - sqlalchemy.engine.Engine - SELECT pg_catalog.pg_type.typname 
FROM pg_catalog.pg_type JOIN pg_catalog.pg_namespace ON pg_catalog.pg_namespace.oid = pg_catalog.pg_type.typnamespace 
WHERE pg_catalog.pg_type.typname = %(typname_1)s AND pg_catalog.pg_type_is_visible(pg_catalog.pg_type.oid) AND pg_catalog.pg_namespace.nspname != %(nspname_1)s
2026-02-22 04:33:25,458 - INFO - sqlalchemy.engine.Engine - [cached since 0.001901s ago] {'typname_1': 'orderstatus', 'nspname_1': 'pg_catalog'}
2026-02-22 04:33:25,459 - INFO - sqlalchemy.engine.Engine - COMMIT
2026-02-22 04:33:33,147 - INFO - sqlalchemy.engine.Engine - select pg_catalog.version()
2026-02-22 04:33:33,148 - INFO - sqlalchemy.engine.Engine - [raw sql] {}
2026-02-22 04:33:33,149 - INFO - sqlalchemy.engine.Engine - select current_schema()
2026-02-22 04:33:33,149 - INFO - sqlalchemy.engine.Engine - [raw sql] {}
2026-02-22 04:33:33,150 - INFO - sqlalchemy.engine.Engine - show standard_conforming_strings
2026-02-22 04:33:33,150 - INFO - sqlalchemy.engine.Engine - [raw sql] {}
2026-02-22 04:33:33,151 - INFO - sqlalchemy.engine.Engine - BEGIN (implicit)
2026-02-22 04:33:33,154 - INFO - sqlalchemy.engine.Engine - SELECT pg_catalog.pg_class.relname 
FROM pg_catalog.pg_class JOIN pg_catalog.pg_namespace ON pg_catalog.pg_namespace.oid = pg_catalog.pg_class.relnamespace 
WHERE pg_catalog.pg_class.relname = %(table_name)s AND pg_catalog.pg_class.relkind = ANY (ARRAY[%(param_1)s, %(param_2)s, %(param_3)s, %(param_4)s, %(param_5)s]) AND pg_catalog.pg_table_is_visible(pg_catalog.pg_class.oid) AND pg_catalog.pg_namespace.nspname != %(nspname_1)s
2026-02-22 04:33:33,154 - INFO - sqlalchemy.engine.Engine - [generated in 0.00034s] {'table_name': 'users', 'param_1': 'r', 'param_2': 'p', 'param_3': 'f', 'param_4': 'v', 'param_5': 'm', 'nspname_1': 'pg_catalog'}
2026-02-22 04:33:33,156 - INFO - sqlalchemy.engine.Engine - SELECT pg_catalog.pg_class.relname 
FROM pg_catalog.pg_class JOIN pg_catalog.pg_namespace ON pg_catalog.pg_namespace.oid = pg_catalog.pg_class.relnamespace 
WHERE pg_catalog.pg_class.relname = %(table_name)s AND pg_catalog.pg_class.relkind = ANY (ARRAY[%(param_1)s, %(param_2)s, %(param_3)s, %(param_4)s, %(param_5)s]) AND pg_catalog.pg_table_is_visible(pg_catalog.pg_class.oid) AND pg_catalog.pg_namespace.nspname != %(nspname_1)s
2026-02-22 04:33:33,156 - INFO - sqlalchemy.engine.Engine - [cached since 0.002363s ago] {'table_name': 'products', 'param_1': 'r', 'param_2': 'p', 'param_3': 'f', 'param_4': 'v', 'param_5': 'm', 'nspname_1': 'pg_catalog'}
2026-02-22 04:33:33,157 - INFO - sqlalchemy.engine.Engine - SELECT pg_catalog.pg_class.relname 
FROM pg_catalog.pg_class JOIN pg_catalog.pg_namespace ON pg_catalog.pg_namespace.oid = pg_catalog.pg_class.relnamespace 
WHERE pg_catalog.pg_class.relname = %(table_name)s AND pg_catalog.pg_class.relkind = ANY (ARRAY[%(param_1)s, %(param_2)s, %(param_3)s, %(param_4)s, %(param_5)s]) AND pg_catalog.pg_table_is_visible(pg_catalog.pg_class.oid) AND pg_catalog.pg_namespace.nspname != %(nspname_1)s
2026-02-22 04:33:33,157 - INFO - sqlalchemy.engine.Engine - [cached since 0.003459s ago] {'table_name': 'orders', 'param_1': 'r', 'param_2': 'p', 'param_3': 'f', 'param_4': 'v', 'param_5': 'm', 'nspname_1': 'pg_catalog'}
2026-02-22 04:33:33,159 - INFO - sqlalchemy.engine.Engine - SELECT pg_catalog.pg_type.typname 
FROM pg_catalog.pg_type JOIN pg_catalog.pg_namespace ON pg_catalog.pg_namespace.oid = pg_catalog.pg_type.typnamespace 
WHERE pg_catalog.pg_type.typname = %(typname_1)s AND pg_catalog.pg_type_is_visible(pg_catalog.pg_type.oid) AND pg_catalog.pg_namespace.nspname != %(nspname_1)s
2026-02-22 04:33:33,159 - INFO - sqlalchemy.engine.Engine - [generated in 0.00031s] {'typname_1': 'userrole', 'nspname_1': 'pg_catalog'}
2026-02-22 04:33:33,160 - INFO - sqlalchemy.engine.Engine - SELECT pg_catalog.pg_type.typname 
FROM pg_catalog.pg_type JOIN pg_catalog.pg_namespace ON pg_catalog.pg_namespace.oid = pg_catalog.pg_type.typnamespace 
WHERE pg_catalog.pg_type.typname = %(typname_1)s AND pg_catalog.pg_type_is_visible(pg_catalog.pg_type.oid) AND pg_catalog.pg_namespace.nspname != %(nspname_1)s
2026-02-22 04:33:33,160 - INFO - sqlalchemy.engine.Engine - [cached since 0.001668s ago] {'typname_1': 'orderstatus', 'nspname_1': 'pg_catalog'}
2026-02-22 04:33:33,161 - INFO - sqlalchemy.engine.Engine - COMMIT
2026-02-23 17:56:39,226 - INFO - httpx - HTTP Request: POST http://testserver/api/v1/products/ "HTTP/1.1 401 Unauthorized"
2026-02-23 18:31:14,533 - INFO - httpx - HTTP Request: POST http://testserver/api/v1/products/ "HTTP/1.1 401 Unauthorized"
2026-02-23 18:56:48,959 - INFO - httpx - HTTP Request: POST http://testserver/api/v1/products/ "HTTP/1.1 200 OK"
2026-02-23 18:59:40,782 - INFO - httpx - HTTP Request: POST http://testserver/api/v1/products/ "HTTP/1.1 200 OK"
2026-02-23 19:06:16,725 - INFO - httpx - HTTP Request: POST http://testserver/api/v1/products/ "HTTP/1.1 200 OK"
2026-02-23 19:16:37,008 - INFO - httpx - HTTP Request: POST http://testserver/api/v1/products/ "HTTP/1.1 200 OK"
2026-02-23 19:16:37,049 - INFO - httpx - HTTP Request: POST http://testserver/api/v1/products/ "HTTP/1.1 200 OK"
2026-02-23 19:16:37,142 - INFO - httpx - HTTP Request: GET http://testserver/api/v1/products/999 "HTTP/1.1 404 Not Found"
2026-02-23 19:17:39,517 - INFO - httpx - HTTP Request: POST http://testserver/api/v1/products/ "HTTP/1.1 200 OK"
2026-02-23 19:17:39,557 - INFO - httpx - HTTP Request: POST http://testserver/api/v1/products/ "HTTP/1.1 200 OK"
2026-02-23 19:17:39,643 - INFO - httpx - HTTP Request: GET http://testserver/api/v1/products/999 "HTTP/1.1 404 Not Found"
2026-02-23 19:18:55,751 - INFO - httpx - HTTP Request: POST http://testserver/api/v1/products/ "HTTP/1.1 200 OK"
2026-02-23 19:18:55,790 - INFO - httpx - HTTP Request: POST http://testserver/api/v1/products/ "HTTP/1.1 200 OK"
2026-02-23 19:18:55,871 - INFO - httpx - HTTP Request: GET http://testserver/api/v1/products/999 "HTTP/1.1 404 Not Found"
2026-02-23 19:20:19,175 - INFO - httpx - HTTP Request: POST http://testserver/api/v1/products/ "HTTP/1.1 200 OK"
2026-02-23 19:20:19,212 - INFO - httpx - HTTP Request: POST http://testserver/api/v1/products/ "HTTP/1.1 200 OK"
2026-02-23 19:20:45,520 - INFO - httpx - HTTP Request: POST http://testserver/api/v1/products/ "HTTP/1.1 200 OK"
